{"/home/riordansantos/tajs/modulo03-conceitos/aula05-code-coverage/src/person.js": {"path":"/home/riordansantos/tajs/modulo03-conceitos/aula05-code-coverage/src/person.js","all":false,"statementMap":{"0":{"start":{"line":1,"column":0},"end":{"line":1,"column":39}},"1":{"start":{"line":2,"column":0},"end":{"line":2,"column":45}},"2":{"start":{"line":3,"column":0},"end":{"line":3,"column":10}},"3":{"start":{"line":4,"column":0},"end":{"line":4,"column":9}},"4":{"start":{"line":5,"column":0},"end":{"line":5,"column":8}},"5":{"start":{"line":6,"column":0},"end":{"line":6,"column":25}},"6":{"start":{"line":7,"column":0},"end":{"line":7,"column":3}},"7":{"start":{"line":8,"column":0},"end":{"line":8,"column":1}}},"s":{"0":1,"1":3,"2":3,"3":3,"4":3,"5":3,"6":3,"7":3},"branchMap":{"0":{"type":"branch","line":1,"loc":{"start":{"line":1,"column":7},"end":{"line":8,"column":1}},"locations":[{"start":{"line":1,"column":7},"end":{"line":8,"column":1}}]}},"b":{"0":[3]},"fnMap":{"0":{"name":"mapPerson","decl":{"start":{"line":1,"column":7},"end":{"line":8,"column":1}},"loc":{"start":{"line":1,"column":7},"end":{"line":8,"column":1}},"line":1}},"f":{"0":3}}
,"/home/riordansantos/tajs/modulo03-conceitos/aula05-code-coverage/src/task.js": {"path":"/home/riordansantos/tajs/modulo03-conceitos/aula05-code-coverage/src/task.js","all":false,"statementMap":{"0":{"start":{"line":1,"column":0},"end":{"line":1,"column":27}},"1":{"start":{"line":2,"column":0},"end":{"line":2,"column":20}},"2":{"start":{"line":3,"column":0},"end":{"line":3,"column":30}},"3":{"start":{"line":4,"column":0},"end":{"line":4,"column":16}},"4":{"start":{"line":5,"column":0},"end":{"line":5,"column":75}},"5":{"start":{"line":6,"column":0},"end":{"line":6,"column":5}},"6":{"start":{"line":7,"column":0},"end":{"line":7,"column":40}},"7":{"start":{"line":8,"column":0},"end":{"line":8,"column":3}},"8":{"start":{"line":9,"column":0},"end":{"line":9,"column":17}},"9":{"start":{"line":10,"column":0},"end":{"line":10,"column":42}},"10":{"start":{"line":11,"column":0},"end":{"line":11,"column":28}},"11":{"start":{"line":12,"column":0},"end":{"line":12,"column":32}},"12":{"start":{"line":13,"column":0},"end":{"line":13,"column":38}},"13":{"start":{"line":14,"column":0},"end":{"line":14,"column":33}},"14":{"start":{"line":15,"column":0},"end":{"line":15,"column":15}},"15":{"start":{"line":16,"column":0},"end":{"line":16,"column":6}},"16":{"start":{"line":17,"column":0},"end":{"line":17,"column":7}},"17":{"start":{"line":18,"column":0},"end":{"line":18,"column":39}},"18":{"start":{"line":19,"column":0},"end":{"line":19,"column":34}},"19":{"start":{"line":20,"column":0},"end":{"line":20,"column":19}},"20":{"start":{"line":21,"column":0},"end":{"line":21,"column":34}},"21":{"start":{"line":22,"column":0},"end":{"line":22,"column":9}},"22":{"start":{"line":23,"column":0},"end":{"line":23,"column":7}},"23":{"start":{"line":24,"column":0},"end":{"line":24,"column":15}},"24":{"start":{"line":25,"column":0},"end":{"line":25,"column":3}},"25":{"start":{"line":26,"column":0},"end":{"line":26,"column":1}}},"s":{"0":1,"1":1,"2":1,"3":2,"4":2,"5":2,"6":2,"7":2,"8":1,"9":1,"10":50,"11":50,"12":0,"13":0,"14":0,"15":0,"16":0,"17":50,"18":75,"19":2,"20":2,"21":2,"22":75,"23":1,"24":1,"25":1},"branchMap":{"0":{"type":"branch","line":1,"loc":{"start":{"line":1,"column":15},"end":{"line":26,"column":1}},"locations":[{"start":{"line":1,"column":15},"end":{"line":26,"column":1}}]},"1":{"type":"branch","line":3,"loc":{"start":{"line":3,"column":2},"end":{"line":8,"column":3}},"locations":[{"start":{"line":3,"column":2},"end":{"line":8,"column":3}}]},"2":{"type":"branch","line":9,"loc":{"start":{"line":9,"column":2},"end":{"line":25,"column":3}},"locations":[{"start":{"line":9,"column":2},"end":{"line":25,"column":3}}]},"3":{"type":"branch","line":10,"loc":{"start":{"line":10,"column":35},"end":{"line":24,"column":5}},"locations":[{"start":{"line":10,"column":35},"end":{"line":24,"column":5}}]},"4":{"type":"branch","line":12,"loc":{"start":{"line":12,"column":31},"end":{"line":17,"column":7}},"locations":[{"start":{"line":12,"column":31},"end":{"line":17,"column":7}}]},"5":{"type":"branch","line":18,"loc":{"start":{"line":18,"column":38},"end":{"line":23,"column":7}},"locations":[{"start":{"line":18,"column":38},"end":{"line":23,"column":7}}]},"6":{"type":"branch","line":19,"loc":{"start":{"line":19,"column":33},"end":{"line":22,"column":9}},"locations":[{"start":{"line":19,"column":33},"end":{"line":22,"column":9}}]}},"b":{"0":[1],"1":[2],"2":[1],"3":[50],"4":[0],"5":[75],"6":[2]},"fnMap":{"0":{"name":"<instance_members_initializer>","decl":{"start":{"line":1,"column":15},"end":{"line":26,"column":1}},"loc":{"start":{"line":1,"column":15},"end":{"line":26,"column":1}},"line":1},"1":{"name":"save","decl":{"start":{"line":3,"column":2},"end":{"line":8,"column":3}},"loc":{"start":{"line":3,"column":2},"end":{"line":8,"column":3}},"line":3},"2":{"name":"run","decl":{"start":{"line":9,"column":2},"end":{"line":25,"column":3}},"loc":{"start":{"line":9,"column":2},"end":{"line":25,"column":3}},"line":9}},"f":{"0":1,"1":2,"2":1}}
}
